2024-06-23 10:06:94 INFO  HomePage :29 - Click on login link[[ChromeDriver: chrome on windows (97aaa293520de79af100c91f99f4829e)] -> xpath: //a[contains(text(),'Log in')]]
2024-06-23 10:06:142 INFO  LoginPage :46 - Getting text from: [[ChromeDriver: chrome on windows (97aaa293520de79af100c91f99f4829e)] -> xpath: //h1[contains(text(),'Welcome, Please Sign In!')]]
2024-06-23 10:06:800 INFO  HomePage :29 - Click on login link[[ChromeDriver: chrome on windows (e955bee3a08f7eb239825642b881a307)] -> xpath: //a[contains(text(),'Log in')]]
2024-06-23 10:06:988 INFO  LoginPage :52 - Enter email id[[ChromeDriver: chrome on windows (e955bee3a08f7eb239825642b881a307)] -> xpath: //input[@id='Email']]
2024-06-23 10:06:104 INFO  LoginPage :57 - Enter Password[[ChromeDriver: chrome on windows (e955bee3a08f7eb239825642b881a307)] -> xpath: //input[@id='Password']]
2024-06-23 10:06:554 INFO  LoginPage :62 - Click on loginButton[[ChromeDriver: chrome on windows (e955bee3a08f7eb239825642b881a307)] -> xpath: //button[contains(text(),'Log in')]]
2024-06-23 11:06:201 INFO  HomePage :29 - Click on login link[[ChromeDriver: chrome on windows (a36dccb02fa84b2fd0d7876076e395ce)] -> xpath: //a[contains(text(),'Log in')]]
2024-06-23 11:06:267 INFO  LoginPage :46 - Getting text from: [[ChromeDriver: chrome on windows (a36dccb02fa84b2fd0d7876076e395ce)] -> xpath: //h1[contains(text(),'Welcome, Please Sign In!')]]
2024-06-23 11:06:371 INFO  HomePage :29 - Click on login link[[ChromeDriver: chrome on windows (22d555c4b4ee069898fd7bed53d5bb3d)] -> xpath: //a[contains(text(),'Log in')]]
2024-06-23 11:06:558 INFO  LoginPage :52 - Enter email id[[ChromeDriver: chrome on windows (22d555c4b4ee069898fd7bed53d5bb3d)] -> xpath: //input[@id='Email']]
2024-06-23 11:06:663 INFO  LoginPage :57 - Enter Password[[ChromeDriver: chrome on windows (22d555c4b4ee069898fd7bed53d5bb3d)] -> xpath: //input[@id='Password']]
2024-06-23 11:06:984 INFO  LoginPage :62 - Click on loginButton[[ChromeDriver: chrome on windows (22d555c4b4ee069898fd7bed53d5bb3d)] -> xpath: //button[contains(text(),'Log in')]]
2024-06-23 11:06:31 INFO  LoginPage :67 - Get error message[[ChromeDriver: chrome on windows (22d555c4b4ee069898fd7bed53d5bb3d)] -> xpath: //body/div[6]/div[3]/div[1]/div[1]/div[1]/div[2]/div[1]/div[2]/form[1]/div[1]]
2024-06-23 11:06:460 INFO  HomePage :29 - Click on login link[[ChromeDriver: chrome on windows (71727e105699808fe49e901c8b86955c)] -> xpath: //a[contains(text(),'Log in')]]
2024-06-23 11:06:632 INFO  LoginPage :52 - Enter email id[[ChromeDriver: chrome on windows (71727e105699808fe49e901c8b86955c)] -> xpath: //input[@id='Email']]
2024-06-23 11:06:742 INFO  LoginPage :57 - Enter Password[[ChromeDriver: chrome on windows (71727e105699808fe49e901c8b86955c)] -> xpath: //input[@id='Password']]
2024-06-23 11:06:56 INFO  LoginPage :62 - Click on loginButton[[ChromeDriver: chrome on windows (71727e105699808fe49e901c8b86955c)] -> xpath: //button[contains(text(),'Log in')]]
2024-06-23 11:06:77 INFO  HomePage :29 - Click on login link[[ChromeDriver: chrome on windows (e5acaa3ea229b531f1843b7e9287909c)] -> xpath: //a[contains(text(),'Log in')]]
2024-06-23 11:06:145 INFO  LoginPage :46 - Getting text from: [[ChromeDriver: chrome on windows (e5acaa3ea229b531f1843b7e9287909c)] -> xpath: //h1[contains(text(),'Welcome, Please Sign In!')]]
2024-06-23 11:06:784 INFO  HomePage :29 - Click on login link[[ChromeDriver: chrome on windows (326687083cd187e0b06e129d721f09d3)] -> xpath: //a[contains(text(),'Log in')]]
2024-06-23 11:06:972 INFO  LoginPage :52 - Enter email id[[ChromeDriver: chrome on windows (326687083cd187e0b06e129d721f09d3)] -> xpath: //input[@id='Email']]
2024-06-23 11:06:89 INFO  LoginPage :57 - Enter Password[[ChromeDriver: chrome on windows (326687083cd187e0b06e129d721f09d3)] -> xpath: //input[@id='Password']]
2024-06-23 11:06:657 INFO  LoginPage :62 - Click on loginButton[[ChromeDriver: chrome on windows (326687083cd187e0b06e129d721f09d3)] -> xpath: //button[contains(text(),'Log in')]]
2024-06-23 11:06:737 INFO  HomePage :29 - Click on login link[[ChromeDriver: chrome on windows (2c5240dcea1da4aee29a2f64db7d5964)] -> xpath: //a[contains(text(),'Log in')]]
2024-06-23 11:06:890 INFO  LoginPage :52 - Enter email id[[ChromeDriver: chrome on windows (2c5240dcea1da4aee29a2f64db7d5964)] -> xpath: //input[@id='Email']]
2024-06-23 11:06:11 INFO  LoginPage :57 - Enter Password[[ChromeDriver: chrome on windows (2c5240dcea1da4aee29a2f64db7d5964)] -> xpath: //input[@id='Password']]
2024-06-23 11:06:25 INFO  LoginPage :62 - Click on loginButton[[ChromeDriver: chrome on windows (2c5240dcea1da4aee29a2f64db7d5964)] -> xpath: //button[contains(text(),'Log in')]]
2024-06-23 11:06:62 INFO  LoginPage :73 - verify log out link[[ChromeDriver: chrome on windows (2c5240dcea1da4aee29a2f64db7d5964)] -> xpath: //a[contains(text(),'Log out')]]
2024-06-23 11:06:733 INFO  HomePage :29 - Click on login link[[ChromeDriver: chrome on windows (aabfddc0b843029b6838301d4c04e619)] -> xpath: //a[contains(text(),'Log in')]]
2024-06-23 11:06:883 INFO  LoginPage :52 - Enter email id[[ChromeDriver: chrome on windows (aabfddc0b843029b6838301d4c04e619)] -> xpath: //input[@id='Email']]
2024-06-23 11:06:10 INFO  LoginPage :57 - Enter Password[[ChromeDriver: chrome on windows (aabfddc0b843029b6838301d4c04e619)] -> xpath: //input[@id='Password']]
2024-06-23 11:06:625 INFO  LoginPage :62 - Click on loginButton[[ChromeDriver: chrome on windows (aabfddc0b843029b6838301d4c04e619)] -> xpath: //button[contains(text(),'Log in')]]
2024-06-23 11:06:247 INFO  LoginPage :79 - Click on logOut link[[ChromeDriver: chrome on windows (aabfddc0b843029b6838301d4c04e619)] -> xpath: //a[contains(text(),'Log out')]]
2024-06-23 11:06:283 INFO  HomePage :39 - Get error message[[ChromeDriver: chrome on windows (aabfddc0b843029b6838301d4c04e619)] -> xpath: //a[contains(text(),'Log in')]]
2024-06-23 15:06:834 INFO  ComputerPage :39 - Click on Computer Tab[[ChromeDriver: chrome on windows (bc2cb59a9f97863534edd5e045bece28)] -> xpath: //body/div[6]/div[2]/ul[1]/li[1]/a[1]]
2024-06-23 15:06:865 INFO  ComputerPage :44 - Get error message[[ChromeDriver: chrome on windows (bc2cb59a9f97863534edd5e045bece28)] -> xpath: //h1[contains(text(),'Computers')]]
2024-06-23 15:06:764 INFO  HomePage :29 - Click on login link[[ChromeDriver: chrome on windows (c849c3ffec5ee7776083358ca08f5034)] -> xpath: //a[contains(text(),'Log in')]]
2024-06-23 15:06:796 INFO  LoginPage :46 - Getting text from: [[ChromeDriver: chrome on windows (c849c3ffec5ee7776083358ca08f5034)] -> xpath: //h1[contains(text(),'Welcome, Please Sign In!')]]
2024-06-23 15:06:242 INFO  HomePage :34 - Click on Register Link[[ChromeDriver: chrome on windows (dc6a1e72387eeca364cefb8bbb547e69)] -> xpath: //a[contains(text(),'Register')]]
2024-06-23 15:06:275 INFO  RegisterPage :93 - Getting text from: [[ChromeDriver: chrome on windows (dc6a1e72387eeca364cefb8bbb547e69)] -> xpath: //h1[contains(text(),'Register')]]
2024-06-23 15:06:682 INFO  ComputerPage :39 - Click on Computer Tab[[ChromeDriver: chrome on windows (bbc7d3c03a63e5318b69f2df71e83d7f)] -> xpath: //body/div[6]/div[2]/ul[1]/li[1]/a[1]]
2024-06-23 15:06:763 INFO  ComputerPage :44 - Get error message[[ChromeDriver: chrome on windows (bbc7d3c03a63e5318b69f2df71e83d7f)] -> xpath: //h1[contains(text(),'Computers')]]
2024-06-23 15:06:161 INFO  HomePage :29 - Click on login link[[ChromeDriver: chrome on windows (fea593fc898dba83b7036bfd96de1ee6)] -> xpath: //a[contains(text(),'Log in')]]
2024-06-23 15:06:192 INFO  LoginPage :46 - Getting text from: [[ChromeDriver: chrome on windows (fea593fc898dba83b7036bfd96de1ee6)] -> xpath: //h1[contains(text(),'Welcome, Please Sign In!')]]
2024-06-23 15:06:144 INFO  HomePage :34 - Click on Register Link[[ChromeDriver: chrome on windows (9445c253a56ca2d55402d8f8726462a2)] -> xpath: //a[contains(text(),'Register')]]
2024-06-23 15:06:194 INFO  RegisterPage :93 - Getting text from: [[ChromeDriver: chrome on windows (9445c253a56ca2d55402d8f8726462a2)] -> xpath: //h1[contains(text(),'Register')]]
2024-06-23 15:06:425 INFO  ComputerPage :39 - Click on Computer Tab[[ChromeDriver: chrome on windows (a08eef63680f8c91874f119d0ed782f5)] -> xpath: //body/div[6]/div[2]/ul[1]/li[1]/a[1]]
2024-06-23 15:06:497 INFO  ComputerPage :44 - Get error message[[ChromeDriver: chrome on windows (a08eef63680f8c91874f119d0ed782f5)] -> xpath: //h1[contains(text(),'Computers')]]
2024-06-23 15:06:102 INFO  ComputerPage :50 - Click on Computer Tab[[ChromeDriver: chrome on windows (56ad4183ab98333c4370bdb3edc4109e)] -> xpath: //body/div[6]/div[2]/ul[1]/li[1]/a[1]]
2024-06-23 15:06:576 INFO  ComputerPage :55 - Click on desktop Link[[ChromeDriver: chrome on windows (56ad4183ab98333c4370bdb3edc4109e)] -> xpath: //body/div[6]/div[2]/ul[1]/li[1]/ul[1]/li[1]/a[1]]
2024-06-23 15:06:650 INFO  ComputerPage :60 - Get error message[[ChromeDriver: chrome on windows (56ad4183ab98333c4370bdb3edc4109e)] -> xpath: //h1[contains(text(),'Desktops')]]
2024-06-23 15:06:692 INFO  HomePage :29 - Click on login link[[ChromeDriver: chrome on windows (be5c76c2df2b8a2442cb928c87106001)] -> xpath: //a[contains(text(),'Log in')]]
2024-06-23 15:06:733 INFO  LoginPage :46 - Getting text from: [[ChromeDriver: chrome on windows (be5c76c2df2b8a2442cb928c87106001)] -> xpath: //h1[contains(text(),'Welcome, Please Sign In!')]]
2024-06-23 15:06:276 INFO  HomePage :29 - Click on login link[[ChromeDriver: chrome on windows (798bde0bab47ce11ef1a7c516fc5593b)] -> xpath: //a[contains(text(),'Log in')]]
2024-06-23 15:06:399 INFO  LoginPage :52 - Enter email id[[ChromeDriver: chrome on windows (798bde0bab47ce11ef1a7c516fc5593b)] -> xpath: //input[@id='Email']]
2024-06-23 15:06:522 INFO  LoginPage :57 - Enter Password[[ChromeDriver: chrome on windows (798bde0bab47ce11ef1a7c516fc5593b)] -> xpath: //input[@id='Password']]
2024-06-23 15:06:839 INFO  LoginPage :62 - Click on loginButton[[ChromeDriver: chrome on windows (798bde0bab47ce11ef1a7c516fc5593b)] -> xpath: //button[contains(text(),'Log in')]]
2024-06-23 15:06:886 INFO  LoginPage :67 - Get error message[[ChromeDriver: chrome on windows (798bde0bab47ce11ef1a7c516fc5593b)] -> xpath: //body/div[6]/div[3]/div[1]/div[1]/div[1]/div[2]/div[1]/div[2]/form[1]/div[1]]
2024-06-23 15:06:135 INFO  HomePage :34 - Click on Register Link[[ChromeDriver: chrome on windows (a379a284cfe7398020e42e86755b6ab6)] -> xpath: //a[contains(text(),'Register')]]
2024-06-23 15:06:168 INFO  RegisterPage :93 - Getting text from: [[ChromeDriver: chrome on windows (a379a284cfe7398020e42e86755b6ab6)] -> xpath: //h1[contains(text(),'Register')]]
2024-06-23 15:06:523 INFO  HomePage :34 - Click on Register Link[[ChromeDriver: chrome on windows (5f24c0dcf1b69cf0b15915091eb1a897)] -> xpath: //a[contains(text(),'Register')]]
2024-06-23 15:06:599 INFO  RegisterPage :99 - Click on Register Button[[ChromeDriver: chrome on windows (5f24c0dcf1b69cf0b15915091eb1a897)] -> xpath: //button[@id='register-button']]
2024-06-23 15:06:657 INFO  RegisterPage :104 - Get error message[[ChromeDriver: chrome on windows (5f24c0dcf1b69cf0b15915091eb1a897)] -> xpath: //span[@id='FirstName-error']]
2024-06-23 15:06:696 INFO  RegisterPage :110 - Get error message[[ChromeDriver: chrome on windows (5f24c0dcf1b69cf0b15915091eb1a897)] -> xpath: //span[@id='LastName-error']]
2024-06-23 15:06:724 INFO  RegisterPage :116 - Get error message[[ChromeDriver: chrome on windows (5f24c0dcf1b69cf0b15915091eb1a897)] -> xpath: //span[@id='Email-error']]
2024-06-23 15:06:756 INFO  RegisterPage :122 - Get error message[[ChromeDriver: chrome on windows (5f24c0dcf1b69cf0b15915091eb1a897)] -> xpath: //span[@id='ConfirmPassword-error']]
2024-06-23 15:06:830 INFO  HomePage :29 - Click on login link[[ChromeDriver: chrome on windows (031dd4ae686fb4db6c8062db866d3213)] -> xpath: //a[contains(text(),'Log in')]]
2024-06-23 15:06:980 INFO  LoginPage :52 - Enter email id[[ChromeDriver: chrome on windows (031dd4ae686fb4db6c8062db866d3213)] -> xpath: //input[@id='Email']]
2024-06-23 15:06:108 INFO  LoginPage :57 - Enter Password[[ChromeDriver: chrome on windows (031dd4ae686fb4db6c8062db866d3213)] -> xpath: //input[@id='Password']]
2024-06-23 15:06:444 INFO  LoginPage :62 - Click on loginButton[[ChromeDriver: chrome on windows (031dd4ae686fb4db6c8062db866d3213)] -> xpath: //button[contains(text(),'Log in')]]
2024-06-23 15:06:492 INFO  LoginPage :67 - Get error message[[ChromeDriver: chrome on windows (031dd4ae686fb4db6c8062db866d3213)] -> xpath: //body/div[6]/div[3]/div[1]/div[1]/div[1]/div[2]/div[1]/div[2]/form[1]/div[1]]
2024-06-23 15:06:731 INFO  HomePage :29 - Click on login link[[ChromeDriver: chrome on windows (f88f6339ccd271bbc3e09fed279a6346)] -> xpath: //a[contains(text(),'Log in')]]
2024-06-23 15:06:906 INFO  LoginPage :52 - Enter email id[[ChromeDriver: chrome on windows (f88f6339ccd271bbc3e09fed279a6346)] -> xpath: //input[@id='Email']]
2024-06-23 15:06:27 INFO  LoginPage :57 - Enter Password[[ChromeDriver: chrome on windows (f88f6339ccd271bbc3e09fed279a6346)] -> xpath: //input[@id='Password']]
2024-06-23 15:06:358 INFO  LoginPage :62 - Click on loginButton[[ChromeDriver: chrome on windows (f88f6339ccd271bbc3e09fed279a6346)] -> xpath: //button[contains(text(),'Log in')]]
2024-06-23 15:06:413 INFO  LoginPage :67 - Get error message[[ChromeDriver: chrome on windows (f88f6339ccd271bbc3e09fed279a6346)] -> xpath: //body/div[6]/div[3]/div[1]/div[1]/div[1]/div[2]/div[1]/div[2]/form[1]/div[1]]
2024-06-23 16:06:828 INFO  HomePage :29 - Click on login link[[ChromeDriver: chrome on windows (fd7e15bd3aad3b0a4f8f97aa1698adb8)] -> xpath: //a[contains(text(),'Log in')]]
2024-06-23 16:06:980 INFO  LoginPage :52 - Enter email id[[ChromeDriver: chrome on windows (fd7e15bd3aad3b0a4f8f97aa1698adb8)] -> xpath: //input[@id='Email']]
2024-06-23 16:06:111 INFO  LoginPage :57 - Enter Password[[ChromeDriver: chrome on windows (fd7e15bd3aad3b0a4f8f97aa1698adb8)] -> xpath: //input[@id='Password']]
2024-06-23 16:06:422 INFO  LoginPage :62 - Click on loginButton[[ChromeDriver: chrome on windows (fd7e15bd3aad3b0a4f8f97aa1698adb8)] -> xpath: //button[contains(text(),'Log in')]]
2024-06-23 16:06:471 INFO  LoginPage :67 - Get error message[[ChromeDriver: chrome on windows (fd7e15bd3aad3b0a4f8f97aa1698adb8)] -> xpath: //body/div[6]/div[3]/div[1]/div[1]/div[1]/div[2]/div[1]/div[2]/form[1]/div[1]]
2024-06-23 16:06:615 INFO  HomePage :29 - Click on login link[[ChromeDriver: chrome on windows (565bb2673f6a62eeac2042316c5ceea4)] -> xpath: //a[contains(text(),'Log in')]]
2024-06-23 16:06:748 INFO  LoginPage :52 - Enter email id[[ChromeDriver: chrome on windows (565bb2673f6a62eeac2042316c5ceea4)] -> xpath: //input[@id='Email']]
2024-06-23 16:06:868 INFO  LoginPage :57 - Enter Password[[ChromeDriver: chrome on windows (565bb2673f6a62eeac2042316c5ceea4)] -> xpath: //input[@id='Password']]
2024-06-23 16:06:224 INFO  LoginPage :62 - Click on loginButton[[ChromeDriver: chrome on windows (565bb2673f6a62eeac2042316c5ceea4)] -> xpath: //button[contains(text(),'Log in')]]
2024-06-23 16:06:277 INFO  LoginPage :67 - Get error message[[ChromeDriver: chrome on windows (565bb2673f6a62eeac2042316c5ceea4)] -> xpath: //body/div[6]/div[3]/div[1]/div[1]/div[1]/div[2]/div[1]/div[2]/form[1]/div[1]]
2024-06-25 13:06:107 INFO  HomePage :29 - Click on login link[[ChromeDriver: chrome on windows (1a6fe112d2ced66deb29df40f69dcf76)] -> xpath: //a[contains(text(),'Log in')]]
2024-06-25 13:06:272 INFO  LoginPage :52 - Enter email id[[ChromeDriver: chrome on windows (1a6fe112d2ced66deb29df40f69dcf76)] -> xpath: //input[@id='Email']]
2024-06-25 13:06:389 INFO  LoginPage :57 - Enter Password[[ChromeDriver: chrome on windows (1a6fe112d2ced66deb29df40f69dcf76)] -> xpath: //input[@id='Password']]
2024-06-25 13:06:723 INFO  LoginPage :62 - Click on loginButton[[ChromeDriver: chrome on windows (1a6fe112d2ced66deb29df40f69dcf76)] -> xpath: //button[contains(text(),'Log in')]]
2024-06-25 13:06:763 INFO  LoginPage :67 - Get error message[[ChromeDriver: chrome on windows (1a6fe112d2ced66deb29df40f69dcf76)] -> xpath: //body/div[6]/div[3]/div[1]/div[1]/div[1]/div[2]/div[1]/div[2]/form[1]/div[1]]
2024-06-25 13:06:228 INFO  HomePage :29 - Click on login link[[ChromeDriver: chrome on windows (cec22e0fabf9239e0cfde394a277a7cd)] -> xpath: //a[contains(text(),'Log in')]]
2024-06-25 13:06:383 INFO  LoginPage :52 - Enter email id[[ChromeDriver: chrome on windows (cec22e0fabf9239e0cfde394a277a7cd)] -> xpath: //input[@id='Email']]
2024-06-25 13:06:503 INFO  LoginPage :57 - Enter Password[[ChromeDriver: chrome on windows (cec22e0fabf9239e0cfde394a277a7cd)] -> xpath: //input[@id='Password']]
2024-06-25 13:06:838 INFO  LoginPage :62 - Click on loginButton[[ChromeDriver: chrome on windows (cec22e0fabf9239e0cfde394a277a7cd)] -> xpath: //button[contains(text(),'Log in')]]
2024-06-25 13:06:880 INFO  LoginPage :67 - Get error message[[ChromeDriver: chrome on windows (cec22e0fabf9239e0cfde394a277a7cd)] -> xpath: //body/div[6]/div[3]/div[1]/div[1]/div[1]/div[2]/div[1]/div[2]/form[1]/div[1]]
